Starting process: 

Configuration data saved


SCUBA, Version Diamond (64-bit) 3.9.1.119
Sat Jun 10 22:07:18 2017

Copyright (c) 1991-1994 by NeoCAD Inc. All rights reserved.
Copyright (c) 1995 AT&T Corp.   All rights reserved.
Copyright (c) 1995-2001 Lucent Technologies Inc.  All rights reserved.
Copyright (c) 2001 Agere Systems   All rights reserved.
Copyright (c) 2002-2017 Lattice Semiconductor Corporation,  All rights reserved.

BEGIN SCUBA Module Synthesis

    Issued command   : C:\lscc\diamond\3.9_x64\ispfpga\bin\nt64\scuba.exe -w -n hdmi_upscale_buffer -lang vhdl -synth synplify -bus_exp 7 -bb -arch sa5p00 -type ramdps -device LFE5U-25F -raddr_width 13 -rwidth 6 -waddr_width 13 -wwidth 6 -rnum_words 8192 -wnum_words 8192 -outdata REGISTERED -cascade -1 -resetmode SYNC -sync_reset -mem_init0 
    Circuit name     : hdmi_upscale_buffer
    Module type      : RAM_DP
    Module Version   : 6.5
    Ports            : 
	Inputs       : WrAddress[12:0], RdAddress[12:0], Data[5:0], WE, RdClock, RdClockEn, Reset, WrClock, WrClockEn
	Outputs      : Q[5:0]
    I/O buffer       : not inserted
    Memory file      : INIT_ALL_0s
    EDIF output      : hdmi_upscale_buffer.edn
    VHDL output      : hdmi_upscale_buffer.vhd
    VHDL template    : hdmi_upscale_buffer_tmpl.vhd
    VHDL testbench   : tb_hdmi_upscale_buffer_tmpl.vhd
    VHDL purpose     : for synthesis and simulation
    Bus notation     : big endian
    Report output    : hdmi_upscale_buffer.srp
    Estimated Resource Usage:
            EBR : 3

END   SCUBA Module Synthesis

File: hdmi_upscale_buffer.lpc created.


End process: completed successfully.


Total Warnings:  0

Total Errors:  0


